[1.108s] Invoking command in '/home/rafael-victus/ROS2-Humble-for-Beginner/02-TUTORIALS/002-DEVELOPMENT/ros2_ws/src/py_pubsub': PYTHONPATH=/home/rafael-victus/ROS2-Humble-for-Beginner/02-TUTORIALS/002-DEVELOPMENT/ros2_ws/build/py_pubsub/prefix_override:/usr/lib/python3/dist-packages/colcon_core/task/python/colcon_distutils_commands:/home/rafael-victus/ROS2-Humble-for-Beginner/02-TUTORIALS/002-DEVELOPMENT/ros2_ws/install/py_pubsub/lib/python3.10/site-packages:${PYTHONPATH} /usr/bin/python3 -W ignore:setup.py install is deprecated setup.py egg_info --egg-base ../../build/py_pubsub build --build-base /home/rafael-victus/ROS2-Humble-for-Beginner/02-TUTORIALS/002-DEVELOPMENT/ros2_ws/build/py_pubsub/build install --record /home/rafael-victus/ROS2-Humble-for-Beginner/02-TUTORIALS/002-DEVELOPMENT/ros2_ws/build/py_pubsub/install.log --single-version-externally-managed install_data
[1.391s] running egg_info
[1.392s] creating ../../build/py_pubsub/py_pubsub.egg-info
[1.392s] writing ../../build/py_pubsub/py_pubsub.egg-info/PKG-INFO
[1.393s] writing dependency_links to ../../build/py_pubsub/py_pubsub.egg-info/dependency_links.txt
[1.393s] writing entry points to ../../build/py_pubsub/py_pubsub.egg-info/entry_points.txt
[1.393s] writing requirements to ../../build/py_pubsub/py_pubsub.egg-info/requires.txt
[1.394s] writing top-level names to ../../build/py_pubsub/py_pubsub.egg-info/top_level.txt
[1.394s] writing manifest file '../../build/py_pubsub/py_pubsub.egg-info/SOURCES.txt'
[1.395s] reading manifest file '../../build/py_pubsub/py_pubsub.egg-info/SOURCES.txt'
[1.396s] writing manifest file '../../build/py_pubsub/py_pubsub.egg-info/SOURCES.txt'
[1.397s] running build
[1.397s] running build_py
[1.397s] creating /home/rafael-victus/ROS2-Humble-for-Beginner/02-TUTORIALS/002-DEVELOPMENT/ros2_ws/build/py_pubsub/build
[1.398s] creating /home/rafael-victus/ROS2-Humble-for-Beginner/02-TUTORIALS/002-DEVELOPMENT/ros2_ws/build/py_pubsub/build/lib
[1.398s] creating /home/rafael-victus/ROS2-Humble-for-Beginner/02-TUTORIALS/002-DEVELOPMENT/ros2_ws/build/py_pubsub/build/lib/py_pubsub
[1.398s] copying py_pubsub/__init__.py -> /home/rafael-victus/ROS2-Humble-for-Beginner/02-TUTORIALS/002-DEVELOPMENT/ros2_ws/build/py_pubsub/build/lib/py_pubsub
[1.398s] running install
[1.398s] running install_lib
[1.400s] creating /home/rafael-victus/ROS2-Humble-for-Beginner/02-TUTORIALS/002-DEVELOPMENT/ros2_ws/install/py_pubsub/lib/python3.10/site-packages/py_pubsub
[1.400s] copying /home/rafael-victus/ROS2-Humble-for-Beginner/02-TUTORIALS/002-DEVELOPMENT/ros2_ws/build/py_pubsub/build/lib/py_pubsub/__init__.py -> /home/rafael-victus/ROS2-Humble-for-Beginner/02-TUTORIALS/002-DEVELOPMENT/ros2_ws/install/py_pubsub/lib/python3.10/site-packages/py_pubsub
[1.401s] byte-compiling /home/rafael-victus/ROS2-Humble-for-Beginner/02-TUTORIALS/002-DEVELOPMENT/ros2_ws/install/py_pubsub/lib/python3.10/site-packages/py_pubsub/__init__.py to __init__.cpython-310.pyc
[1.401s] running install_data
[1.402s] creating /home/rafael-victus/ROS2-Humble-for-Beginner/02-TUTORIALS/002-DEVELOPMENT/ros2_ws/install/py_pubsub/share/ament_index
[1.402s] creating /home/rafael-victus/ROS2-Humble-for-Beginner/02-TUTORIALS/002-DEVELOPMENT/ros2_ws/install/py_pubsub/share/ament_index/resource_index
[1.402s] creating /home/rafael-victus/ROS2-Humble-for-Beginner/02-TUTORIALS/002-DEVELOPMENT/ros2_ws/install/py_pubsub/share/ament_index/resource_index/packages
[1.402s] copying resource/py_pubsub -> /home/rafael-victus/ROS2-Humble-for-Beginner/02-TUTORIALS/002-DEVELOPMENT/ros2_ws/install/py_pubsub/share/ament_index/resource_index/packages
[1.402s] copying package.xml -> /home/rafael-victus/ROS2-Humble-for-Beginner/02-TUTORIALS/002-DEVELOPMENT/ros2_ws/install/py_pubsub/share/py_pubsub
[1.403s] running install_egg_info
[1.405s] Copying ../../build/py_pubsub/py_pubsub.egg-info to /home/rafael-victus/ROS2-Humble-for-Beginner/02-TUTORIALS/002-DEVELOPMENT/ros2_ws/install/py_pubsub/lib/python3.10/site-packages/py_pubsub-0.0.0-py3.10.egg-info
[1.406s] running install_scripts
[1.430s] writing list of installed files to '/home/rafael-victus/ROS2-Humble-for-Beginner/02-TUTORIALS/002-DEVELOPMENT/ros2_ws/build/py_pubsub/install.log'
[1.500s] Invoked command in '/home/rafael-victus/ROS2-Humble-for-Beginner/02-TUTORIALS/002-DEVELOPMENT/ros2_ws/src/py_pubsub' returned '0': PYTHONPATH=/home/rafael-victus/ROS2-Humble-for-Beginner/02-TUTORIALS/002-DEVELOPMENT/ros2_ws/build/py_pubsub/prefix_override:/usr/lib/python3/dist-packages/colcon_core/task/python/colcon_distutils_commands:/home/rafael-victus/ROS2-Humble-for-Beginner/02-TUTORIALS/002-DEVELOPMENT/ros2_ws/install/py_pubsub/lib/python3.10/site-packages:${PYTHONPATH} /usr/bin/python3 -W ignore:setup.py install is deprecated setup.py egg_info --egg-base ../../build/py_pubsub build --build-base /home/rafael-victus/ROS2-Humble-for-Beginner/02-TUTORIALS/002-DEVELOPMENT/ros2_ws/build/py_pubsub/build install --record /home/rafael-victus/ROS2-Humble-for-Beginner/02-TUTORIALS/002-DEVELOPMENT/ros2_ws/build/py_pubsub/install.log --single-version-externally-managed install_data
