[0.024s] Invoking command in '/home/rafael-victus/ROS2-Humble-for-Beginner/02-TUTORIALS/002-DEVELOPMENT/ros2_ws/build/cpp_pubsub': CMAKE_PREFIX_PATH=${CMAKE_PREFIX_PATH}:/home/rafael-victus/ROS2-Humble-for-Beginner/02-TUTORIALS/002-DEVELOPMENT/ros2_ws/install/py_srvcli:/home/rafael-victus/ROS2-Humble-for-Beginner/02-TUTORIALS/002-DEVELOPMENT/ros2_ws/install/py_pubsub:/opt/ros/humble /usr/bin/cmake --build /home/rafael-victus/ROS2-Humble-for-Beginner/02-TUTORIALS/002-DEVELOPMENT/ros2_ws/build/cpp_pubsub -- -j12 -l12
[0.222s] [ 50%] Built target listener
[0.223s] [100%] Built target talker
[0.437s] Invoked command in '/home/rafael-victus/ROS2-Humble-for-Beginner/02-TUTORIALS/002-DEVELOPMENT/ros2_ws/build/cpp_pubsub' returned '0': CMAKE_PREFIX_PATH=${CMAKE_PREFIX_PATH}:/home/rafael-victus/ROS2-Humble-for-Beginner/02-TUTORIALS/002-DEVELOPMENT/ros2_ws/install/py_srvcli:/home/rafael-victus/ROS2-Humble-for-Beginner/02-TUTORIALS/002-DEVELOPMENT/ros2_ws/install/py_pubsub:/opt/ros/humble /usr/bin/cmake --build /home/rafael-victus/ROS2-Humble-for-Beginner/02-TUTORIALS/002-DEVELOPMENT/ros2_ws/build/cpp_pubsub -- -j12 -l12
[0.471s] Invoking command in '/home/rafael-victus/ROS2-Humble-for-Beginner/02-TUTORIALS/002-DEVELOPMENT/ros2_ws/build/cpp_pubsub': CMAKE_PREFIX_PATH=${CMAKE_PREFIX_PATH}:/home/rafael-victus/ROS2-Humble-for-Beginner/02-TUTORIALS/002-DEVELOPMENT/ros2_ws/install/py_srvcli:/home/rafael-victus/ROS2-Humble-for-Beginner/02-TUTORIALS/002-DEVELOPMENT/ros2_ws/install/py_pubsub:/opt/ros/humble /usr/bin/cmake --install /home/rafael-victus/ROS2-Humble-for-Beginner/02-TUTORIALS/002-DEVELOPMENT/ros2_ws/build/cpp_pubsub
[0.477s] -- Install configuration: ""
[0.477s] -- Up-to-date: /home/rafael-victus/ROS2-Humble-for-Beginner/02-TUTORIALS/002-DEVELOPMENT/ros2_ws/install/cpp_pubsub/lib/cpp_pubsub/talker
[0.477s] -- Up-to-date: /home/rafael-victus/ROS2-Humble-for-Beginner/02-TUTORIALS/002-DEVELOPMENT/ros2_ws/install/cpp_pubsub/lib/cpp_pubsub/listener
[0.477s] -- Up-to-date: /home/rafael-victus/ROS2-Humble-for-Beginner/02-TUTORIALS/002-DEVELOPMENT/ros2_ws/install/cpp_pubsub/share/ament_index/resource_index/package_run_dependencies/cpp_pubsub
[0.478s] -- Up-to-date: /home/rafael-victus/ROS2-Humble-for-Beginner/02-TUTORIALS/002-DEVELOPMENT/ros2_ws/install/cpp_pubsub/share/ament_index/resource_index/parent_prefix_path/cpp_pubsub
[0.478s] -- Up-to-date: /home/rafael-victus/ROS2-Humble-for-Beginner/02-TUTORIALS/002-DEVELOPMENT/ros2_ws/install/cpp_pubsub/share/cpp_pubsub/environment/ament_prefix_path.sh
[0.478s] -- Up-to-date: /home/rafael-victus/ROS2-Humble-for-Beginner/02-TUTORIALS/002-DEVELOPMENT/ros2_ws/install/cpp_pubsub/share/cpp_pubsub/environment/ament_prefix_path.dsv
[0.478s] -- Up-to-date: /home/rafael-victus/ROS2-Humble-for-Beginner/02-TUTORIALS/002-DEVELOPMENT/ros2_ws/install/cpp_pubsub/share/cpp_pubsub/environment/path.sh
[0.478s] -- Up-to-date: /home/rafael-victus/ROS2-Humble-for-Beginner/02-TUTORIALS/002-DEVELOPMENT/ros2_ws/install/cpp_pubsub/share/cpp_pubsub/environment/path.dsv
[0.478s] -- Up-to-date: /home/rafael-victus/ROS2-Humble-for-Beginner/02-TUTORIALS/002-DEVELOPMENT/ros2_ws/install/cpp_pubsub/share/cpp_pubsub/local_setup.bash
[0.478s] -- Up-to-date: /home/rafael-victus/ROS2-Humble-for-Beginner/02-TUTORIALS/002-DEVELOPMENT/ros2_ws/install/cpp_pubsub/share/cpp_pubsub/local_setup.sh
[0.478s] -- Up-to-date: /home/rafael-victus/ROS2-Humble-for-Beginner/02-TUTORIALS/002-DEVELOPMENT/ros2_ws/install/cpp_pubsub/share/cpp_pubsub/local_setup.zsh
[0.478s] -- Up-to-date: /home/rafael-victus/ROS2-Humble-for-Beginner/02-TUTORIALS/002-DEVELOPMENT/ros2_ws/install/cpp_pubsub/share/cpp_pubsub/local_setup.dsv
[0.479s] -- Installing: /home/rafael-victus/ROS2-Humble-for-Beginner/02-TUTORIALS/002-DEVELOPMENT/ros2_ws/install/cpp_pubsub/share/cpp_pubsub/package.dsv
[0.479s] -- Up-to-date: /home/rafael-victus/ROS2-Humble-for-Beginner/02-TUTORIALS/002-DEVELOPMENT/ros2_ws/install/cpp_pubsub/share/ament_index/resource_index/packages/cpp_pubsub
[0.479s] -- Up-to-date: /home/rafael-victus/ROS2-Humble-for-Beginner/02-TUTORIALS/002-DEVELOPMENT/ros2_ws/install/cpp_pubsub/share/cpp_pubsub/cmake/cpp_pubsubConfig.cmake
[0.479s] -- Up-to-date: /home/rafael-victus/ROS2-Humble-for-Beginner/02-TUTORIALS/002-DEVELOPMENT/ros2_ws/install/cpp_pubsub/share/cpp_pubsub/cmake/cpp_pubsubConfig-version.cmake
[0.480s] -- Up-to-date: /home/rafael-victus/ROS2-Humble-for-Beginner/02-TUTORIALS/002-DEVELOPMENT/ros2_ws/install/cpp_pubsub/share/cpp_pubsub/package.xml
[0.481s] Invoked command in '/home/rafael-victus/ROS2-Humble-for-Beginner/02-TUTORIALS/002-DEVELOPMENT/ros2_ws/build/cpp_pubsub' returned '0': CMAKE_PREFIX_PATH=${CMAKE_PREFIX_PATH}:/home/rafael-victus/ROS2-Humble-for-Beginner/02-TUTORIALS/002-DEVELOPMENT/ros2_ws/install/py_srvcli:/home/rafael-victus/ROS2-Humble-for-Beginner/02-TUTORIALS/002-DEVELOPMENT/ros2_ws/install/py_pubsub:/opt/ros/humble /usr/bin/cmake --install /home/rafael-victus/ROS2-Humble-for-Beginner/02-TUTORIALS/002-DEVELOPMENT/ros2_ws/build/cpp_pubsub
