[0.024s] Invoking command in '/home/rafael-victus/ROS2-Humble-for-Beginner/02-TUTORIALS/002-DEVELOPMENT/ros2_ws/build/cpp_srvcli': CMAKE_PREFIX_PATH=/opt/ros/humble /usr/bin/cmake /home/rafael-victus/ROS2-Humble-for-Beginner/02-TUTORIALS/002-DEVELOPMENT/ros2_ws/src/cpp_srvcli -DAMENT_CMAKE_SYMLINK_INSTALL=1 -DCMAKE_INSTALL_PREFIX=/home/rafael-victus/ROS2-Humble-for-Beginner/02-TUTORIALS/002-DEVELOPMENT/ros2_ws/install/cpp_srvcli
[0.328s] -- The C compiler identification is GNU 11.4.0
[0.861s] -- The CXX compiler identification is GNU 11.4.0
[1.025s] -- Detecting C compiler ABI info
[1.163s] -- Detecting C compiler ABI info - done
[1.180s] -- Check for working C compiler: /usr/bin/cc - skipped
[1.180s] -- Detecting C compile features
[1.181s] -- Detecting C compile features - done
[1.185s] -- Detecting CXX compiler ABI info
[1.341s] -- Detecting CXX compiler ABI info - done
[1.351s] -- Check for working CXX compiler: /usr/bin/c++ - skipped
[1.352s] -- Detecting CXX compile features
[1.352s] -- Detecting CXX compile features - done
[1.382s] -- Found ament_cmake: 1.3.9 (/opt/ros/humble/share/ament_cmake/cmake)
[1.605s] -- Found Python3: /usr/bin/python3 (found version "3.10.12") found components: Interpreter 
[1.689s] -- Override CMake install command with custom implementation using symlinks instead of copying resources
[1.757s] -- Found rclcpp: 16.0.9 (/opt/ros/humble/share/rclcpp/cmake)
[1.983s] -- Found rosidl_generator_c: 3.1.5 (/opt/ros/humble/share/rosidl_generator_c/cmake)
[1.995s] -- Found rosidl_adapter: 3.1.5 (/opt/ros/humble/share/rosidl_adapter/cmake)
[2.014s] -- Found rosidl_generator_cpp: 3.1.5 (/opt/ros/humble/share/rosidl_generator_cpp/cmake)
[2.051s] -- Using all available rosidl_typesupport_c: rosidl_typesupport_fastrtps_c;rosidl_typesupport_introspection_c
[2.092s] -- Using all available rosidl_typesupport_cpp: rosidl_typesupport_fastrtps_cpp;rosidl_typesupport_introspection_cpp
[2.242s] -- Found rmw_implementation_cmake: 6.1.2 (/opt/ros/humble/share/rmw_implementation_cmake/cmake)
[2.249s] -- Found rmw_fastrtps_cpp: 6.2.6 (/opt/ros/humble/share/rmw_fastrtps_cpp/cmake)
[3.119s] -- Found OpenSSL: /usr/lib/x86_64-linux-gnu/libcrypto.so (found version "3.0.2")  
[3.993s] -- Found FastRTPS: /opt/ros/humble/include  
[5.696s] -- Using RMW implementation 'rmw_fastrtps_cpp' as default
[5.721s] -- Looking for pthread.h
[5.896s] -- Looking for pthread.h - found
[5.905s] -- Performing Test CMAKE_HAVE_LIBC_PTHREAD
[6.173s] -- Performing Test CMAKE_HAVE_LIBC_PTHREAD - Success
[6.173s] -- Found Threads: TRUE  
[6.776s] -- Found example_interfaces: 0.9.3 (/opt/ros/humble/share/example_interfaces/cmake)
[7.072s] -- Found ament_lint_auto: 0.12.11 (/opt/ros/humble/share/ament_lint_auto/cmake)
[7.209s] -- Added test 'cppcheck' to perform static code analysis on C / C++ code
[7.209s] -- Configured cppcheck include dirs: 
[7.209s] -- Configured cppcheck exclude dirs and/or files: 
[7.211s] -- Added test 'lint_cmake' to check CMake code style
[7.213s] -- Added test 'uncrustify' to check C / C++ code style
[7.213s] -- Configured uncrustify additional arguments: 
[7.214s] -- Added test 'xmllint' to check XML markup files
[7.217s] -- Configuring done
[7.244s] -- Generating done
[7.248s] -- Build files have been written to: /home/rafael-victus/ROS2-Humble-for-Beginner/02-TUTORIALS/002-DEVELOPMENT/ros2_ws/build/cpp_srvcli
[7.262s] Invoked command in '/home/rafael-victus/ROS2-Humble-for-Beginner/02-TUTORIALS/002-DEVELOPMENT/ros2_ws/build/cpp_srvcli' returned '0': CMAKE_PREFIX_PATH=/opt/ros/humble /usr/bin/cmake /home/rafael-victus/ROS2-Humble-for-Beginner/02-TUTORIALS/002-DEVELOPMENT/ros2_ws/src/cpp_srvcli -DAMENT_CMAKE_SYMLINK_INSTALL=1 -DCMAKE_INSTALL_PREFIX=/home/rafael-victus/ROS2-Humble-for-Beginner/02-TUTORIALS/002-DEVELOPMENT/ros2_ws/install/cpp_srvcli
[7.265s] Invoking command in '/home/rafael-victus/ROS2-Humble-for-Beginner/02-TUTORIALS/002-DEVELOPMENT/ros2_ws/build/cpp_srvcli': CMAKE_PREFIX_PATH=/opt/ros/humble /usr/bin/cmake --build /home/rafael-victus/ROS2-Humble-for-Beginner/02-TUTORIALS/002-DEVELOPMENT/ros2_ws/build/cpp_srvcli -- -j12 -l12
[7.332s] [ 25%] [32mBuilding CXX object CMakeFiles/server.dir/src/add_two_ints_server.cpp.o[0m
[7.333s] [ 50%] [32mBuilding CXX object CMakeFiles/client.dir/src/add_two_ints_client.cpp.o[0m
[11.853s] [ 75%] [32m[1mLinking CXX executable server[0m
[12.122s] [100%] [32m[1mLinking CXX executable client[0m
[12.142s] [100%] Built target server
[12.319s] [100%] Built target client
[12.329s] Invoked command in '/home/rafael-victus/ROS2-Humble-for-Beginner/02-TUTORIALS/002-DEVELOPMENT/ros2_ws/build/cpp_srvcli' returned '0': CMAKE_PREFIX_PATH=/opt/ros/humble /usr/bin/cmake --build /home/rafael-victus/ROS2-Humble-for-Beginner/02-TUTORIALS/002-DEVELOPMENT/ros2_ws/build/cpp_srvcli -- -j12 -l12
[12.358s] Invoking command in '/home/rafael-victus/ROS2-Humble-for-Beginner/02-TUTORIALS/002-DEVELOPMENT/ros2_ws/build/cpp_srvcli': CMAKE_PREFIX_PATH=/opt/ros/humble /usr/bin/cmake --install /home/rafael-victus/ROS2-Humble-for-Beginner/02-TUTORIALS/002-DEVELOPMENT/ros2_ws/build/cpp_srvcli
[12.363s] -- Install configuration: ""
[12.364s] -- Execute custom install script
[12.365s] -- Symlinking: /home/rafael-victus/ROS2-Humble-for-Beginner/02-TUTORIALS/002-DEVELOPMENT/ros2_ws/install/cpp_srvcli/lib/cpp_srvcli/server
[12.372s] -- Symlinking: /home/rafael-victus/ROS2-Humble-for-Beginner/02-TUTORIALS/002-DEVELOPMENT/ros2_ws/install/cpp_srvcli/lib/cpp_srvcli/client
[12.380s] -- Symlinking: /home/rafael-victus/ROS2-Humble-for-Beginner/02-TUTORIALS/002-DEVELOPMENT/ros2_ws/install/cpp_srvcli/share/ament_index/resource_index/package_run_dependencies/cpp_srvcli
[12.389s] -- Symlinking: /home/rafael-victus/ROS2-Humble-for-Beginner/02-TUTORIALS/002-DEVELOPMENT/ros2_ws/install/cpp_srvcli/share/ament_index/resource_index/parent_prefix_path/cpp_srvcli
[12.397s] -- Symlinking: /home/rafael-victus/ROS2-Humble-for-Beginner/02-TUTORIALS/002-DEVELOPMENT/ros2_ws/install/cpp_srvcli/share/cpp_srvcli/environment/ament_prefix_path.sh
[12.407s] -- Symlinking: /home/rafael-victus/ROS2-Humble-for-Beginner/02-TUTORIALS/002-DEVELOPMENT/ros2_ws/install/cpp_srvcli/share/cpp_srvcli/environment/ament_prefix_path.dsv
[12.414s] -- Symlinking: /home/rafael-victus/ROS2-Humble-for-Beginner/02-TUTORIALS/002-DEVELOPMENT/ros2_ws/install/cpp_srvcli/share/cpp_srvcli/environment/path.sh
[12.425s] -- Symlinking: /home/rafael-victus/ROS2-Humble-for-Beginner/02-TUTORIALS/002-DEVELOPMENT/ros2_ws/install/cpp_srvcli/share/cpp_srvcli/environment/path.dsv
[12.433s] -- Symlinking: /home/rafael-victus/ROS2-Humble-for-Beginner/02-TUTORIALS/002-DEVELOPMENT/ros2_ws/install/cpp_srvcli/share/cpp_srvcli/local_setup.bash
[12.441s] -- Symlinking: /home/rafael-victus/ROS2-Humble-for-Beginner/02-TUTORIALS/002-DEVELOPMENT/ros2_ws/install/cpp_srvcli/share/cpp_srvcli/local_setup.sh
[12.448s] -- Symlinking: /home/rafael-victus/ROS2-Humble-for-Beginner/02-TUTORIALS/002-DEVELOPMENT/ros2_ws/install/cpp_srvcli/share/cpp_srvcli/local_setup.zsh
[12.456s] -- Symlinking: /home/rafael-victus/ROS2-Humble-for-Beginner/02-TUTORIALS/002-DEVELOPMENT/ros2_ws/install/cpp_srvcli/share/cpp_srvcli/local_setup.dsv
[12.463s] -- Symlinking: /home/rafael-victus/ROS2-Humble-for-Beginner/02-TUTORIALS/002-DEVELOPMENT/ros2_ws/install/cpp_srvcli/share/cpp_srvcli/package.dsv
[12.472s] -- Symlinking: /home/rafael-victus/ROS2-Humble-for-Beginner/02-TUTORIALS/002-DEVELOPMENT/ros2_ws/install/cpp_srvcli/share/ament_index/resource_index/packages/cpp_srvcli
[12.483s] -- Symlinking: /home/rafael-victus/ROS2-Humble-for-Beginner/02-TUTORIALS/002-DEVELOPMENT/ros2_ws/install/cpp_srvcli/share/cpp_srvcli/cmake/cpp_srvcliConfig.cmake
[12.492s] -- Symlinking: /home/rafael-victus/ROS2-Humble-for-Beginner/02-TUTORIALS/002-DEVELOPMENT/ros2_ws/install/cpp_srvcli/share/cpp_srvcli/cmake/cpp_srvcliConfig-version.cmake
[12.501s] -- Symlinking: /home/rafael-victus/ROS2-Humble-for-Beginner/02-TUTORIALS/002-DEVELOPMENT/ros2_ws/install/cpp_srvcli/share/cpp_srvcli/package.xml
[12.510s] Invoked command in '/home/rafael-victus/ROS2-Humble-for-Beginner/02-TUTORIALS/002-DEVELOPMENT/ros2_ws/build/cpp_srvcli' returned '0': CMAKE_PREFIX_PATH=/opt/ros/humble /usr/bin/cmake --install /home/rafael-victus/ROS2-Humble-for-Beginner/02-TUTORIALS/002-DEVELOPMENT/ros2_ws/build/cpp_srvcli
