[0.771s] Invoking command in '/home/rafael-victus/ROS2-Humble-for-Beginner/02-TUTORIALS/002-DEVELOPMENT/ros2_ws/src/py_srvcli': PYTHONPATH=/home/rafael-victus/ROS2-Humble-for-Beginner/02-TUTORIALS/002-DEVELOPMENT/ros2_ws/build/py_srvcli/prefix_override:/usr/lib/python3/dist-packages/colcon_core/task/python/colcon_distutils_commands:/home/rafael-victus/ROS2-Humble-for-Beginner/02-TUTORIALS/002-DEVELOPMENT/ros2_ws/install/py_srvcli/lib/python3.10/site-packages:${PYTHONPATH} /usr/bin/python3 -W ignore:setup.py install is deprecated setup.py egg_info --egg-base ../../build/py_srvcli build --build-base /home/rafael-victus/ROS2-Humble-for-Beginner/02-TUTORIALS/002-DEVELOPMENT/ros2_ws/build/py_srvcli/build install --record /home/rafael-victus/ROS2-Humble-for-Beginner/02-TUTORIALS/002-DEVELOPMENT/ros2_ws/build/py_srvcli/install.log --single-version-externally-managed install_data
[0.954s] running egg_info
[0.954s] writing ../../build/py_srvcli/py_srvcli.egg-info/PKG-INFO
[0.955s] writing dependency_links to ../../build/py_srvcli/py_srvcli.egg-info/dependency_links.txt
[0.955s] writing entry points to ../../build/py_srvcli/py_srvcli.egg-info/entry_points.txt
[0.955s] writing requirements to ../../build/py_srvcli/py_srvcli.egg-info/requires.txt
[0.955s] writing top-level names to ../../build/py_srvcli/py_srvcli.egg-info/top_level.txt
[0.957s] reading manifest file '../../build/py_srvcli/py_srvcli.egg-info/SOURCES.txt'
[0.958s] writing manifest file '../../build/py_srvcli/py_srvcli.egg-info/SOURCES.txt'
[0.958s] running build
[0.958s] running build_py
[0.958s] running install
[0.959s] running install_lib
[0.960s] running install_data
[0.960s] running install_egg_info
[0.962s] removing '/home/rafael-victus/ROS2-Humble-for-Beginner/02-TUTORIALS/002-DEVELOPMENT/ros2_ws/install/py_srvcli/lib/python3.10/site-packages/py_srvcli-0.0.0-py3.10.egg-info' (and everything under it)
[0.962s] Copying ../../build/py_srvcli/py_srvcli.egg-info to /home/rafael-victus/ROS2-Humble-for-Beginner/02-TUTORIALS/002-DEVELOPMENT/ros2_ws/install/py_srvcli/lib/python3.10/site-packages/py_srvcli-0.0.0-py3.10.egg-info
[0.963s] running install_scripts
[0.985s] writing list of installed files to '/home/rafael-victus/ROS2-Humble-for-Beginner/02-TUTORIALS/002-DEVELOPMENT/ros2_ws/build/py_srvcli/install.log'
[1.016s] Invoked command in '/home/rafael-victus/ROS2-Humble-for-Beginner/02-TUTORIALS/002-DEVELOPMENT/ros2_ws/src/py_srvcli' returned '0': PYTHONPATH=/home/rafael-victus/ROS2-Humble-for-Beginner/02-TUTORIALS/002-DEVELOPMENT/ros2_ws/build/py_srvcli/prefix_override:/usr/lib/python3/dist-packages/colcon_core/task/python/colcon_distutils_commands:/home/rafael-victus/ROS2-Humble-for-Beginner/02-TUTORIALS/002-DEVELOPMENT/ros2_ws/install/py_srvcli/lib/python3.10/site-packages:${PYTHONPATH} /usr/bin/python3 -W ignore:setup.py install is deprecated setup.py egg_info --egg-base ../../build/py_srvcli build --build-base /home/rafael-victus/ROS2-Humble-for-Beginner/02-TUTORIALS/002-DEVELOPMENT/ros2_ws/build/py_srvcli/build install --record /home/rafael-victus/ROS2-Humble-for-Beginner/02-TUTORIALS/002-DEVELOPMENT/ros2_ws/build/py_srvcli/install.log --single-version-externally-managed install_data
