[0.222s] DEBUG:colcon:Command line arguments: ['/usr/bin/colcon', 'build']
[0.222s] DEBUG:colcon:Parsed command line arguments: Namespace(log_base=None, log_level=None, verb_name='build', build_base='build', install_base='install', merge_install=False, symlink_install=False, test_result_base=None, continue_on_error=False, executor='parallel', parallel_workers=12, event_handlers=None, ignore_user_meta=False, metas=['./colcon.meta'], base_paths=['.'], packages_ignore=None, packages_ignore_regex=None, paths=None, packages_up_to=None, packages_up_to_regex=None, packages_above=None, packages_above_and_dependencies=None, packages_above_depth=None, packages_select_by_dep=None, packages_skip_by_dep=None, packages_skip_up_to=None, packages_select_build_failed=False, packages_skip_build_finished=False, packages_select_test_failures=False, packages_skip_test_passed=False, packages_select=None, packages_skip=None, packages_select_regex=None, packages_skip_regex=None, packages_start=None, packages_end=None, allow_overriding=[], cmake_args=None, cmake_target=None, cmake_target_skip_unavailable=False, cmake_clean_cache=False, cmake_clean_first=False, cmake_force_configure=False, ament_cmake_args=None, catkin_cmake_args=None, catkin_skip_building_tests=False, mixin_files=None, mixin=None, verb_parser=<colcon_mixin.mixin.mixin_argument.MixinArgumentDecorator object at 0x7f58b859e080>, verb_extension=<colcon_core.verb.build.BuildVerb object at 0x7f58b87d8580>, main=<bound method BuildVerb.main of <colcon_core.verb.build.BuildVerb object at 0x7f58b87d8580>>, mixin_verb=('build',))
[0.488s] Level 1:colcon.colcon_core.package_discovery:discover_packages(colcon_meta) check parameters
[0.488s] Level 1:colcon.colcon_core.package_discovery:discover_packages(recursive) check parameters
[0.488s] Level 1:colcon.colcon_core.package_discovery:discover_packages(ignore) check parameters
[0.488s] Level 1:colcon.colcon_core.package_discovery:discover_packages(path) check parameters
[0.488s] Level 1:colcon.colcon_core.package_discovery:discover_packages(colcon_meta) discover
[0.489s] Level 1:colcon.colcon_core.package_discovery:discover_packages(recursive) discover
[0.489s] INFO:colcon.colcon_core.package_discovery:Crawling recursively for packages in '/home/rafael-victus/ROS2-Humble-for-Beginner/02-TUTORIALS/002-DEVELOPMENT/ros2_ws'
[0.489s] Level 1:colcon.colcon_core.package_identification:_identify(.) by extensions ['ignore', 'ignore_ament_install']
[0.489s] Level 1:colcon.colcon_core.package_identification:_identify(.) by extension 'ignore'
[0.489s] Level 1:colcon.colcon_core.package_identification:_identify(.) by extension 'ignore_ament_install'
[0.489s] Level 1:colcon.colcon_core.package_identification:_identify(.) by extensions ['colcon_pkg']
[0.489s] Level 1:colcon.colcon_core.package_identification:_identify(.) by extension 'colcon_pkg'
[0.489s] Level 1:colcon.colcon_core.package_identification:_identify(.) by extensions ['colcon_meta']
[0.489s] Level 1:colcon.colcon_core.package_identification:_identify(.) by extension 'colcon_meta'
[0.489s] Level 1:colcon.colcon_core.package_identification:_identify(.) by extensions ['ros']
[0.489s] Level 1:colcon.colcon_core.package_identification:_identify(.) by extension 'ros'
[0.502s] Level 1:colcon.colcon_core.package_identification:_identify(.) by extensions ['cmake', 'python']
[0.502s] Level 1:colcon.colcon_core.package_identification:_identify(.) by extension 'cmake'
[0.502s] Level 1:colcon.colcon_core.package_identification:_identify(.) by extension 'python'
[0.502s] Level 1:colcon.colcon_core.package_identification:_identify(.) by extensions ['python_setup_py']
[0.502s] Level 1:colcon.colcon_core.package_identification:_identify(.) by extension 'python_setup_py'
[0.502s] Level 1:colcon.colcon_core.package_identification:_identify(build) by extensions ['ignore', 'ignore_ament_install']
[0.502s] Level 1:colcon.colcon_core.package_identification:_identify(build) by extension 'ignore'
[0.502s] Level 1:colcon.colcon_core.package_identification:_identify(build) ignored
[0.503s] Level 1:colcon.colcon_core.package_identification:_identify(install) by extensions ['ignore', 'ignore_ament_install']
[0.503s] Level 1:colcon.colcon_core.package_identification:_identify(install) by extension 'ignore'
[0.503s] Level 1:colcon.colcon_core.package_identification:_identify(install) ignored
[0.503s] Level 1:colcon.colcon_core.package_identification:_identify(log) by extensions ['ignore', 'ignore_ament_install']
[0.503s] Level 1:colcon.colcon_core.package_identification:_identify(log) by extension 'ignore'
[0.503s] Level 1:colcon.colcon_core.package_identification:_identify(log) ignored
[0.503s] Level 1:colcon.colcon_core.package_identification:_identify(src) by extensions ['ignore', 'ignore_ament_install']
[0.503s] Level 1:colcon.colcon_core.package_identification:_identify(src) by extension 'ignore'
[0.503s] Level 1:colcon.colcon_core.package_identification:_identify(src) by extension 'ignore_ament_install'
[0.503s] Level 1:colcon.colcon_core.package_identification:_identify(src) by extensions ['colcon_pkg']
[0.503s] Level 1:colcon.colcon_core.package_identification:_identify(src) by extension 'colcon_pkg'
[0.503s] Level 1:colcon.colcon_core.package_identification:_identify(src) by extensions ['colcon_meta']
[0.503s] Level 1:colcon.colcon_core.package_identification:_identify(src) by extension 'colcon_meta'
[0.503s] Level 1:colcon.colcon_core.package_identification:_identify(src) by extensions ['ros']
[0.503s] Level 1:colcon.colcon_core.package_identification:_identify(src) by extension 'ros'
[0.503s] Level 1:colcon.colcon_core.package_identification:_identify(src) by extensions ['cmake', 'python']
[0.503s] Level 1:colcon.colcon_core.package_identification:_identify(src) by extension 'cmake'
[0.503s] Level 1:colcon.colcon_core.package_identification:_identify(src) by extension 'python'
[0.503s] Level 1:colcon.colcon_core.package_identification:_identify(src) by extensions ['python_setup_py']
[0.503s] Level 1:colcon.colcon_core.package_identification:_identify(src) by extension 'python_setup_py'
[0.504s] Level 1:colcon.colcon_core.package_identification:_identify(src/cpp_pubsub) by extensions ['ignore', 'ignore_ament_install']
[0.504s] Level 1:colcon.colcon_core.package_identification:_identify(src/cpp_pubsub) by extension 'ignore'
[0.504s] Level 1:colcon.colcon_core.package_identification:_identify(src/cpp_pubsub) by extension 'ignore_ament_install'
[0.504s] Level 1:colcon.colcon_core.package_identification:_identify(src/cpp_pubsub) by extensions ['colcon_pkg']
[0.504s] Level 1:colcon.colcon_core.package_identification:_identify(src/cpp_pubsub) by extension 'colcon_pkg'
[0.504s] Level 1:colcon.colcon_core.package_identification:_identify(src/cpp_pubsub) by extensions ['colcon_meta']
[0.504s] Level 1:colcon.colcon_core.package_identification:_identify(src/cpp_pubsub) by extension 'colcon_meta'
[0.504s] Level 1:colcon.colcon_core.package_identification:_identify(src/cpp_pubsub) by extensions ['ros']
[0.504s] Level 1:colcon.colcon_core.package_identification:_identify(src/cpp_pubsub) by extension 'ros'
[0.507s] DEBUG:colcon.colcon_core.package_identification:Package 'src/cpp_pubsub' with type 'ros.ament_cmake' and name 'cpp_pubsub'
[0.507s] Level 1:colcon.colcon_core.package_identification:_identify(src/cpp_srvcli) by extensions ['ignore', 'ignore_ament_install']
[0.507s] Level 1:colcon.colcon_core.package_identification:_identify(src/cpp_srvcli) by extension 'ignore'
[0.507s] Level 1:colcon.colcon_core.package_identification:_identify(src/cpp_srvcli) by extension 'ignore_ament_install'
[0.507s] Level 1:colcon.colcon_core.package_identification:_identify(src/cpp_srvcli) by extensions ['colcon_pkg']
[0.507s] Level 1:colcon.colcon_core.package_identification:_identify(src/cpp_srvcli) by extension 'colcon_pkg'
[0.507s] Level 1:colcon.colcon_core.package_identification:_identify(src/cpp_srvcli) by extensions ['colcon_meta']
[0.507s] Level 1:colcon.colcon_core.package_identification:_identify(src/cpp_srvcli) by extension 'colcon_meta'
[0.507s] Level 1:colcon.colcon_core.package_identification:_identify(src/cpp_srvcli) by extensions ['ros']
[0.507s] Level 1:colcon.colcon_core.package_identification:_identify(src/cpp_srvcli) by extension 'ros'
[0.508s] DEBUG:colcon.colcon_core.package_identification:Package 'src/cpp_srvcli' with type 'ros.ament_cmake' and name 'cpp_srvcli'
[0.508s] Level 1:colcon.colcon_core.package_identification:_identify(src/py_pubsub) by extensions ['ignore', 'ignore_ament_install']
[0.508s] Level 1:colcon.colcon_core.package_identification:_identify(src/py_pubsub) by extension 'ignore'
[0.508s] Level 1:colcon.colcon_core.package_identification:_identify(src/py_pubsub) by extension 'ignore_ament_install'
[0.508s] Level 1:colcon.colcon_core.package_identification:_identify(src/py_pubsub) by extensions ['colcon_pkg']
[0.508s] Level 1:colcon.colcon_core.package_identification:_identify(src/py_pubsub) by extension 'colcon_pkg'
[0.508s] Level 1:colcon.colcon_core.package_identification:_identify(src/py_pubsub) by extensions ['colcon_meta']
[0.508s] Level 1:colcon.colcon_core.package_identification:_identify(src/py_pubsub) by extension 'colcon_meta'
[0.508s] Level 1:colcon.colcon_core.package_identification:_identify(src/py_pubsub) by extensions ['ros']
[0.509s] Level 1:colcon.colcon_core.package_identification:_identify(src/py_pubsub) by extension 'ros'
[0.509s] DEBUG:colcon.colcon_core.package_identification:Package 'src/py_pubsub' with type 'ros.ament_python' and name 'py_pubsub'
[0.509s] Level 1:colcon.colcon_core.package_identification:_identify(src/py_srvcli) by extensions ['ignore', 'ignore_ament_install']
[0.509s] Level 1:colcon.colcon_core.package_identification:_identify(src/py_srvcli) by extension 'ignore'
[0.509s] Level 1:colcon.colcon_core.package_identification:_identify(src/py_srvcli) by extension 'ignore_ament_install'
[0.509s] Level 1:colcon.colcon_core.package_identification:_identify(src/py_srvcli) by extensions ['colcon_pkg']
[0.509s] Level 1:colcon.colcon_core.package_identification:_identify(src/py_srvcli) by extension 'colcon_pkg'
[0.509s] Level 1:colcon.colcon_core.package_identification:_identify(src/py_srvcli) by extensions ['colcon_meta']
[0.509s] Level 1:colcon.colcon_core.package_identification:_identify(src/py_srvcli) by extension 'colcon_meta'
[0.509s] Level 1:colcon.colcon_core.package_identification:_identify(src/py_srvcli) by extensions ['ros']
[0.510s] Level 1:colcon.colcon_core.package_identification:_identify(src/py_srvcli) by extension 'ros'
[0.510s] DEBUG:colcon.colcon_core.package_identification:Package 'src/py_srvcli' with type 'ros.ament_python' and name 'py_srvcli'
[0.510s] Level 1:colcon.colcon_core.package_discovery:discover_packages(recursive) using defaults
[0.510s] Level 1:colcon.colcon_core.package_discovery:discover_packages(ignore) discover
[0.510s] Level 1:colcon.colcon_core.package_discovery:discover_packages(ignore) using defaults
[0.510s] Level 1:colcon.colcon_core.package_discovery:discover_packages(path) discover
[0.510s] Level 1:colcon.colcon_core.package_discovery:discover_packages(path) using defaults
[0.536s] Level 1:colcon.colcon_core.package_discovery:discover_packages(prefix_path) check parameters
[0.536s] Level 1:colcon.colcon_core.package_discovery:discover_packages(prefix_path) discover
[0.540s] DEBUG:colcon.colcon_installed_package_information.package_discovery:Found 2 installed packages in /home/rafael-victus/kursiroda_ws/install
[0.542s] DEBUG:colcon.colcon_installed_package_information.package_discovery:Found 340 installed packages in /opt/ros/humble
[0.543s] Level 1:colcon.colcon_core.package_discovery:discover_packages(prefix_path) using defaults
[0.639s] Level 5:colcon.colcon_core.verb:set package 'cpp_pubsub' build argument 'cmake_args' from command line to 'None'
[0.639s] Level 5:colcon.colcon_core.verb:set package 'cpp_pubsub' build argument 'cmake_target' from command line to 'None'
[0.639s] Level 5:colcon.colcon_core.verb:set package 'cpp_pubsub' build argument 'cmake_target_skip_unavailable' from command line to 'False'
[0.639s] Level 5:colcon.colcon_core.verb:set package 'cpp_pubsub' build argument 'cmake_clean_cache' from command line to 'False'
[0.639s] Level 5:colcon.colcon_core.verb:set package 'cpp_pubsub' build argument 'cmake_clean_first' from command line to 'False'
[0.639s] Level 5:colcon.colcon_core.verb:set package 'cpp_pubsub' build argument 'cmake_force_configure' from command line to 'False'
[0.639s] Level 5:colcon.colcon_core.verb:set package 'cpp_pubsub' build argument 'ament_cmake_args' from command line to 'None'
[0.639s] Level 5:colcon.colcon_core.verb:set package 'cpp_pubsub' build argument 'catkin_cmake_args' from command line to 'None'
[0.639s] Level 5:colcon.colcon_core.verb:set package 'cpp_pubsub' build argument 'catkin_skip_building_tests' from command line to 'False'
[0.639s] DEBUG:colcon.colcon_core.verb:Building package 'cpp_pubsub' with the following arguments: {'ament_cmake_args': None, 'build_base': '/home/rafael-victus/ROS2-Humble-for-Beginner/02-TUTORIALS/002-DEVELOPMENT/ros2_ws/build/cpp_pubsub', 'catkin_cmake_args': None, 'catkin_skip_building_tests': False, 'cmake_args': None, 'cmake_clean_cache': False, 'cmake_clean_first': False, 'cmake_force_configure': False, 'cmake_target': None, 'cmake_target_skip_unavailable': False, 'install_base': '/home/rafael-victus/ROS2-Humble-for-Beginner/02-TUTORIALS/002-DEVELOPMENT/ros2_ws/install/cpp_pubsub', 'merge_install': False, 'path': '/home/rafael-victus/ROS2-Humble-for-Beginner/02-TUTORIALS/002-DEVELOPMENT/ros2_ws/src/cpp_pubsub', 'symlink_install': False, 'test_result_base': None}
[0.639s] Level 5:colcon.colcon_core.verb:set package 'cpp_srvcli' build argument 'cmake_args' from command line to 'None'
[0.639s] Level 5:colcon.colcon_core.verb:set package 'cpp_srvcli' build argument 'cmake_target' from command line to 'None'
[0.639s] Level 5:colcon.colcon_core.verb:set package 'cpp_srvcli' build argument 'cmake_target_skip_unavailable' from command line to 'False'
[0.639s] Level 5:colcon.colcon_core.verb:set package 'cpp_srvcli' build argument 'cmake_clean_cache' from command line to 'False'
[0.639s] Level 5:colcon.colcon_core.verb:set package 'cpp_srvcli' build argument 'cmake_clean_first' from command line to 'False'
[0.639s] Level 5:colcon.colcon_core.verb:set package 'cpp_srvcli' build argument 'cmake_force_configure' from command line to 'False'
[0.639s] Level 5:colcon.colcon_core.verb:set package 'cpp_srvcli' build argument 'ament_cmake_args' from command line to 'None'
[0.639s] Level 5:colcon.colcon_core.verb:set package 'cpp_srvcli' build argument 'catkin_cmake_args' from command line to 'None'
[0.640s] Level 5:colcon.colcon_core.verb:set package 'cpp_srvcli' build argument 'catkin_skip_building_tests' from command line to 'False'
[0.640s] DEBUG:colcon.colcon_core.verb:Building package 'cpp_srvcli' with the following arguments: {'ament_cmake_args': None, 'build_base': '/home/rafael-victus/ROS2-Humble-for-Beginner/02-TUTORIALS/002-DEVELOPMENT/ros2_ws/build/cpp_srvcli', 'catkin_cmake_args': None, 'catkin_skip_building_tests': False, 'cmake_args': None, 'cmake_clean_cache': False, 'cmake_clean_first': False, 'cmake_force_configure': False, 'cmake_target': None, 'cmake_target_skip_unavailable': False, 'install_base': '/home/rafael-victus/ROS2-Humble-for-Beginner/02-TUTORIALS/002-DEVELOPMENT/ros2_ws/install/cpp_srvcli', 'merge_install': False, 'path': '/home/rafael-victus/ROS2-Humble-for-Beginner/02-TUTORIALS/002-DEVELOPMENT/ros2_ws/src/cpp_srvcli', 'symlink_install': False, 'test_result_base': None}
[0.640s] Level 5:colcon.colcon_core.verb:set package 'py_pubsub' build argument 'cmake_args' from command line to 'None'
[0.640s] Level 5:colcon.colcon_core.verb:set package 'py_pubsub' build argument 'cmake_target' from command line to 'None'
[0.640s] Level 5:colcon.colcon_core.verb:set package 'py_pubsub' build argument 'cmake_target_skip_unavailable' from command line to 'False'
[0.640s] Level 5:colcon.colcon_core.verb:set package 'py_pubsub' build argument 'cmake_clean_cache' from command line to 'False'
[0.640s] Level 5:colcon.colcon_core.verb:set package 'py_pubsub' build argument 'cmake_clean_first' from command line to 'False'
[0.640s] Level 5:colcon.colcon_core.verb:set package 'py_pubsub' build argument 'cmake_force_configure' from command line to 'False'
[0.640s] Level 5:colcon.colcon_core.verb:set package 'py_pubsub' build argument 'ament_cmake_args' from command line to 'None'
[0.640s] Level 5:colcon.colcon_core.verb:set package 'py_pubsub' build argument 'catkin_cmake_args' from command line to 'None'
[0.640s] Level 5:colcon.colcon_core.verb:set package 'py_pubsub' build argument 'catkin_skip_building_tests' from command line to 'False'
[0.640s] DEBUG:colcon.colcon_core.verb:Building package 'py_pubsub' with the following arguments: {'ament_cmake_args': None, 'build_base': '/home/rafael-victus/ROS2-Humble-for-Beginner/02-TUTORIALS/002-DEVELOPMENT/ros2_ws/build/py_pubsub', 'catkin_cmake_args': None, 'catkin_skip_building_tests': False, 'cmake_args': None, 'cmake_clean_cache': False, 'cmake_clean_first': False, 'cmake_force_configure': False, 'cmake_target': None, 'cmake_target_skip_unavailable': False, 'install_base': '/home/rafael-victus/ROS2-Humble-for-Beginner/02-TUTORIALS/002-DEVELOPMENT/ros2_ws/install/py_pubsub', 'merge_install': False, 'path': '/home/rafael-victus/ROS2-Humble-for-Beginner/02-TUTORIALS/002-DEVELOPMENT/ros2_ws/src/py_pubsub', 'symlink_install': False, 'test_result_base': None}
[0.640s] Level 5:colcon.colcon_core.verb:set package 'py_srvcli' build argument 'cmake_args' from command line to 'None'
[0.640s] Level 5:colcon.colcon_core.verb:set package 'py_srvcli' build argument 'cmake_target' from command line to 'None'
[0.640s] Level 5:colcon.colcon_core.verb:set package 'py_srvcli' build argument 'cmake_target_skip_unavailable' from command line to 'False'
[0.640s] Level 5:colcon.colcon_core.verb:set package 'py_srvcli' build argument 'cmake_clean_cache' from command line to 'False'
[0.640s] Level 5:colcon.colcon_core.verb:set package 'py_srvcli' build argument 'cmake_clean_first' from command line to 'False'
[0.640s] Level 5:colcon.colcon_core.verb:set package 'py_srvcli' build argument 'cmake_force_configure' from command line to 'False'
[0.640s] Level 5:colcon.colcon_core.verb:set package 'py_srvcli' build argument 'ament_cmake_args' from command line to 'None'
[0.640s] Level 5:colcon.colcon_core.verb:set package 'py_srvcli' build argument 'catkin_cmake_args' from command line to 'None'
[0.640s] Level 5:colcon.colcon_core.verb:set package 'py_srvcli' build argument 'catkin_skip_building_tests' from command line to 'False'
[0.640s] DEBUG:colcon.colcon_core.verb:Building package 'py_srvcli' with the following arguments: {'ament_cmake_args': None, 'build_base': '/home/rafael-victus/ROS2-Humble-for-Beginner/02-TUTORIALS/002-DEVELOPMENT/ros2_ws/build/py_srvcli', 'catkin_cmake_args': None, 'catkin_skip_building_tests': False, 'cmake_args': None, 'cmake_clean_cache': False, 'cmake_clean_first': False, 'cmake_force_configure': False, 'cmake_target': None, 'cmake_target_skip_unavailable': False, 'install_base': '/home/rafael-victus/ROS2-Humble-for-Beginner/02-TUTORIALS/002-DEVELOPMENT/ros2_ws/install/py_srvcli', 'merge_install': False, 'path': '/home/rafael-victus/ROS2-Humble-for-Beginner/02-TUTORIALS/002-DEVELOPMENT/ros2_ws/src/py_srvcli', 'symlink_install': False, 'test_result_base': None}
[0.641s] INFO:colcon.colcon_core.executor:Executing jobs using 'parallel' executor
[0.642s] DEBUG:colcon.colcon_parallel_executor.executor.parallel:run_until_complete
[0.642s] INFO:colcon.colcon_ros.task.ament_cmake.build:Building ROS package in '/home/rafael-victus/ROS2-Humble-for-Beginner/02-TUTORIALS/002-DEVELOPMENT/ros2_ws/src/cpp_pubsub' with build type 'ament_cmake'
[0.642s] INFO:colcon.colcon_cmake.task.cmake.build:Building CMake package in '/home/rafael-victus/ROS2-Humble-for-Beginner/02-TUTORIALS/002-DEVELOPMENT/ros2_ws/src/cpp_pubsub'
[0.647s] INFO:colcon.colcon_core.plugin_system:Skipping extension 'colcon_core.shell.bat': Not used on non-Windows systems
[0.647s] INFO:colcon.colcon_core.shell:Skip shell extension 'powershell' for command environment: Not usable outside of PowerShell
[0.647s] DEBUG:colcon.colcon_core.shell:Skip shell extension 'dsv' for command environment
[0.651s] INFO:colcon.colcon_ros.task.ament_cmake.build:Building ROS package in '/home/rafael-victus/ROS2-Humble-for-Beginner/02-TUTORIALS/002-DEVELOPMENT/ros2_ws/src/cpp_srvcli' with build type 'ament_cmake'
[0.651s] INFO:colcon.colcon_cmake.task.cmake.build:Building CMake package in '/home/rafael-victus/ROS2-Humble-for-Beginner/02-TUTORIALS/002-DEVELOPMENT/ros2_ws/src/cpp_srvcli'
[0.651s] INFO:colcon.colcon_core.shell:Skip shell extension 'powershell' for command environment: Not usable outside of PowerShell
[0.651s] DEBUG:colcon.colcon_core.shell:Skip shell extension 'dsv' for command environment
[0.654s] INFO:colcon.colcon_ros.task.ament_python.build:Building ROS package in '/home/rafael-victus/ROS2-Humble-for-Beginner/02-TUTORIALS/002-DEVELOPMENT/ros2_ws/src/py_pubsub' with build type 'ament_python'
[0.654s] Level 1:colcon.colcon_core.shell:create_environment_hook('py_pubsub', 'ament_prefix_path')
[0.654s] INFO:colcon.colcon_core.shell:Creating environment hook '/home/rafael-victus/ROS2-Humble-for-Beginner/02-TUTORIALS/002-DEVELOPMENT/ros2_ws/install/py_pubsub/share/py_pubsub/hook/ament_prefix_path.ps1'
[0.655s] INFO:colcon.colcon_core.shell:Creating environment descriptor '/home/rafael-victus/ROS2-Humble-for-Beginner/02-TUTORIALS/002-DEVELOPMENT/ros2_ws/install/py_pubsub/share/py_pubsub/hook/ament_prefix_path.dsv'
[0.656s] INFO:colcon.colcon_core.shell:Creating environment hook '/home/rafael-victus/ROS2-Humble-for-Beginner/02-TUTORIALS/002-DEVELOPMENT/ros2_ws/install/py_pubsub/share/py_pubsub/hook/ament_prefix_path.sh'
[0.656s] INFO:colcon.colcon_core.shell:Skip shell extension 'powershell' for command environment: Not usable outside of PowerShell
[0.657s] DEBUG:colcon.colcon_core.shell:Skip shell extension 'dsv' for command environment
[0.659s] INFO:colcon.colcon_ros.task.ament_python.build:Building ROS package in '/home/rafael-victus/ROS2-Humble-for-Beginner/02-TUTORIALS/002-DEVELOPMENT/ros2_ws/src/py_srvcli' with build type 'ament_python'
[0.659s] Level 1:colcon.colcon_core.shell:create_environment_hook('py_srvcli', 'ament_prefix_path')
[0.660s] INFO:colcon.colcon_core.shell:Creating environment hook '/home/rafael-victus/ROS2-Humble-for-Beginner/02-TUTORIALS/002-DEVELOPMENT/ros2_ws/install/py_srvcli/share/py_srvcli/hook/ament_prefix_path.ps1'
[0.660s] INFO:colcon.colcon_core.shell:Creating environment descriptor '/home/rafael-victus/ROS2-Humble-for-Beginner/02-TUTORIALS/002-DEVELOPMENT/ros2_ws/install/py_srvcli/share/py_srvcli/hook/ament_prefix_path.dsv'
[0.660s] INFO:colcon.colcon_core.shell:Creating environment hook '/home/rafael-victus/ROS2-Humble-for-Beginner/02-TUTORIALS/002-DEVELOPMENT/ros2_ws/install/py_srvcli/share/py_srvcli/hook/ament_prefix_path.sh'
[0.661s] INFO:colcon.colcon_core.shell:Skip shell extension 'powershell' for command environment: Not usable outside of PowerShell
[0.661s] DEBUG:colcon.colcon_core.shell:Skip shell extension 'dsv' for command environment
[0.669s] DEBUG:colcon.colcon_core.event_handler.log_command:Invoking command in '/home/rafael-victus/ROS2-Humble-for-Beginner/02-TUTORIALS/002-DEVELOPMENT/ros2_ws/build/cpp_pubsub': CMAKE_PREFIX_PATH=${CMAKE_PREFIX_PATH}:/opt/ros/humble /usr/bin/cmake --build /home/rafael-victus/ROS2-Humble-for-Beginner/02-TUTORIALS/002-DEVELOPMENT/ros2_ws/build/cpp_pubsub -- -j12 -l12
[0.673s] DEBUG:colcon.colcon_core.event_handler.log_command:Invoking command in '/home/rafael-victus/ROS2-Humble-for-Beginner/02-TUTORIALS/002-DEVELOPMENT/ros2_ws/build/cpp_srvcli': CMAKE_PREFIX_PATH=${CMAKE_PREFIX_PATH}:/opt/ros/humble /usr/bin/cmake --build /home/rafael-victus/ROS2-Humble-for-Beginner/02-TUTORIALS/002-DEVELOPMENT/ros2_ws/build/cpp_srvcli -- -j12 -l12
[0.883s] INFO:colcon.colcon_core.task.python.build:Building Python package in '/home/rafael-victus/ROS2-Humble-for-Beginner/02-TUTORIALS/002-DEVELOPMENT/ros2_ws/src/py_pubsub'
[0.884s] INFO:colcon.colcon_core.shell:Skip shell extension 'powershell' for command environment: Not usable outside of PowerShell
[0.884s] DEBUG:colcon.colcon_core.shell:Skip shell extension 'dsv' for command environment
[1.101s] INFO:colcon.colcon_core.task.python.build:Building Python package in '/home/rafael-victus/ROS2-Humble-for-Beginner/02-TUTORIALS/002-DEVELOPMENT/ros2_ws/src/py_srvcli'
[1.101s] INFO:colcon.colcon_core.shell:Skip shell extension 'powershell' for command environment: Not usable outside of PowerShell
[1.101s] DEBUG:colcon.colcon_core.shell:Skip shell extension 'dsv' for command environment
[1.106s] DEBUG:colcon.colcon_core.event_handler.log_command:Invoked command in '/home/rafael-victus/ROS2-Humble-for-Beginner/02-TUTORIALS/002-DEVELOPMENT/ros2_ws/build/cpp_srvcli' returned '0': CMAKE_PREFIX_PATH=${CMAKE_PREFIX_PATH}:/opt/ros/humble /usr/bin/cmake --build /home/rafael-victus/ROS2-Humble-for-Beginner/02-TUTORIALS/002-DEVELOPMENT/ros2_ws/build/cpp_srvcli -- -j12 -l12
[1.129s] DEBUG:colcon.colcon_core.event_handler.log_command:Invoking command in '/home/rafael-victus/ROS2-Humble-for-Beginner/02-TUTORIALS/002-DEVELOPMENT/ros2_ws/build/cpp_srvcli': CMAKE_PREFIX_PATH=${CMAKE_PREFIX_PATH}:/opt/ros/humble /usr/bin/cmake --install /home/rafael-victus/ROS2-Humble-for-Beginner/02-TUTORIALS/002-DEVELOPMENT/ros2_ws/build/cpp_srvcli
[1.137s] Level 1:colcon.colcon_core.environment:create_environment_scripts_only(cpp_srvcli)
[1.138s] DEBUG:colcon.colcon_core.event_handler.log_command:Invoked command in '/home/rafael-victus/ROS2-Humble-for-Beginner/02-TUTORIALS/002-DEVELOPMENT/ros2_ws/build/cpp_srvcli' returned '0': CMAKE_PREFIX_PATH=${CMAKE_PREFIX_PATH}:/opt/ros/humble /usr/bin/cmake --install /home/rafael-victus/ROS2-Humble-for-Beginner/02-TUTORIALS/002-DEVELOPMENT/ros2_ws/build/cpp_srvcli
[1.144s] Level 1:colcon.colcon_core.environment:checking '/home/rafael-victus/ROS2-Humble-for-Beginner/02-TUTORIALS/002-DEVELOPMENT/ros2_ws/install/cpp_srvcli' for CMake module files
[1.144s] Level 1:colcon.colcon_core.environment:checking '/home/rafael-victus/ROS2-Humble-for-Beginner/02-TUTORIALS/002-DEVELOPMENT/ros2_ws/install/cpp_srvcli' for CMake config files
[1.145s] Level 1:colcon.colcon_core.shell:create_environment_hook('cpp_srvcli', 'cmake_prefix_path')
[1.145s] INFO:colcon.colcon_core.shell:Creating environment hook '/home/rafael-victus/ROS2-Humble-for-Beginner/02-TUTORIALS/002-DEVELOPMENT/ros2_ws/install/cpp_srvcli/share/cpp_srvcli/hook/cmake_prefix_path.ps1'
[1.145s] INFO:colcon.colcon_core.shell:Creating environment descriptor '/home/rafael-victus/ROS2-Humble-for-Beginner/02-TUTORIALS/002-DEVELOPMENT/ros2_ws/install/cpp_srvcli/share/cpp_srvcli/hook/cmake_prefix_path.dsv'
[1.145s] INFO:colcon.colcon_core.shell:Creating environment hook '/home/rafael-victus/ROS2-Humble-for-Beginner/02-TUTORIALS/002-DEVELOPMENT/ros2_ws/install/cpp_srvcli/share/cpp_srvcli/hook/cmake_prefix_path.sh'
[1.146s] Level 1:colcon.colcon_core.environment:checking '/home/rafael-victus/ROS2-Humble-for-Beginner/02-TUTORIALS/002-DEVELOPMENT/ros2_ws/install/cpp_srvcli/bin'
[1.146s] Level 1:colcon.colcon_core.environment:checking '/home/rafael-victus/ROS2-Humble-for-Beginner/02-TUTORIALS/002-DEVELOPMENT/ros2_ws/install/cpp_srvcli/lib/pkgconfig/cpp_srvcli.pc'
[1.146s] Level 1:colcon.colcon_core.environment:checking '/home/rafael-victus/ROS2-Humble-for-Beginner/02-TUTORIALS/002-DEVELOPMENT/ros2_ws/install/cpp_srvcli/lib/python3.10/site-packages'
[1.147s] Level 1:colcon.colcon_core.environment:checking '/home/rafael-victus/ROS2-Humble-for-Beginner/02-TUTORIALS/002-DEVELOPMENT/ros2_ws/install/cpp_srvcli/bin'
[1.147s] INFO:colcon.colcon_core.shell:Creating package script '/home/rafael-victus/ROS2-Humble-for-Beginner/02-TUTORIALS/002-DEVELOPMENT/ros2_ws/install/cpp_srvcli/share/cpp_srvcli/package.ps1'
[1.148s] INFO:colcon.colcon_core.shell:Creating package descriptor '/home/rafael-victus/ROS2-Humble-for-Beginner/02-TUTORIALS/002-DEVELOPMENT/ros2_ws/install/cpp_srvcli/share/cpp_srvcli/package.dsv'
[1.149s] INFO:colcon.colcon_core.shell:Creating package script '/home/rafael-victus/ROS2-Humble-for-Beginner/02-TUTORIALS/002-DEVELOPMENT/ros2_ws/install/cpp_srvcli/share/cpp_srvcli/package.sh'
[1.150s] INFO:colcon.colcon_core.shell:Creating package script '/home/rafael-victus/ROS2-Humble-for-Beginner/02-TUTORIALS/002-DEVELOPMENT/ros2_ws/install/cpp_srvcli/share/cpp_srvcli/package.bash'
[1.150s] INFO:colcon.colcon_core.shell:Creating package script '/home/rafael-victus/ROS2-Humble-for-Beginner/02-TUTORIALS/002-DEVELOPMENT/ros2_ws/install/cpp_srvcli/share/cpp_srvcli/package.zsh'
[1.151s] Level 1:colcon.colcon_core.environment:create_file_with_runtime_dependencies(/home/rafael-victus/ROS2-Humble-for-Beginner/02-TUTORIALS/002-DEVELOPMENT/ros2_ws/install/cpp_srvcli/share/colcon-core/packages/cpp_srvcli)
[1.171s] Level 1:colcon.colcon_core.environment:create_environment_scripts_only(cpp_srvcli)
[1.172s] Level 1:colcon.colcon_core.environment:checking '/home/rafael-victus/ROS2-Humble-for-Beginner/02-TUTORIALS/002-DEVELOPMENT/ros2_ws/install/cpp_srvcli' for CMake module files
[1.172s] Level 1:colcon.colcon_core.environment:checking '/home/rafael-victus/ROS2-Humble-for-Beginner/02-TUTORIALS/002-DEVELOPMENT/ros2_ws/install/cpp_srvcli' for CMake config files
[1.172s] Level 1:colcon.colcon_core.shell:create_environment_hook('cpp_srvcli', 'cmake_prefix_path')
[1.172s] INFO:colcon.colcon_core.shell:Creating environment hook '/home/rafael-victus/ROS2-Humble-for-Beginner/02-TUTORIALS/002-DEVELOPMENT/ros2_ws/install/cpp_srvcli/share/cpp_srvcli/hook/cmake_prefix_path.ps1'
[1.173s] INFO:colcon.colcon_core.shell:Creating environment descriptor '/home/rafael-victus/ROS2-Humble-for-Beginner/02-TUTORIALS/002-DEVELOPMENT/ros2_ws/install/cpp_srvcli/share/cpp_srvcli/hook/cmake_prefix_path.dsv'
[1.173s] INFO:colcon.colcon_core.shell:Creating environment hook '/home/rafael-victus/ROS2-Humble-for-Beginner/02-TUTORIALS/002-DEVELOPMENT/ros2_ws/install/cpp_srvcli/share/cpp_srvcli/hook/cmake_prefix_path.sh'
[1.174s] Level 1:colcon.colcon_core.environment:checking '/home/rafael-victus/ROS2-Humble-for-Beginner/02-TUTORIALS/002-DEVELOPMENT/ros2_ws/install/cpp_srvcli/bin'
[1.174s] Level 1:colcon.colcon_core.environment:checking '/home/rafael-victus/ROS2-Humble-for-Beginner/02-TUTORIALS/002-DEVELOPMENT/ros2_ws/install/cpp_srvcli/lib/pkgconfig/cpp_srvcli.pc'
[1.174s] Level 1:colcon.colcon_core.environment:checking '/home/rafael-victus/ROS2-Humble-for-Beginner/02-TUTORIALS/002-DEVELOPMENT/ros2_ws/install/cpp_srvcli/lib/python3.10/site-packages'
[1.174s] Level 1:colcon.colcon_core.environment:checking '/home/rafael-victus/ROS2-Humble-for-Beginner/02-TUTORIALS/002-DEVELOPMENT/ros2_ws/install/cpp_srvcli/bin'
[1.174s] INFO:colcon.colcon_core.shell:Creating package script '/home/rafael-victus/ROS2-Humble-for-Beginner/02-TUTORIALS/002-DEVELOPMENT/ros2_ws/install/cpp_srvcli/share/cpp_srvcli/package.ps1'
[1.175s] INFO:colcon.colcon_core.shell:Creating package descriptor '/home/rafael-victus/ROS2-Humble-for-Beginner/02-TUTORIALS/002-DEVELOPMENT/ros2_ws/install/cpp_srvcli/share/cpp_srvcli/package.dsv'
[1.175s] INFO:colcon.colcon_core.shell:Creating package script '/home/rafael-victus/ROS2-Humble-for-Beginner/02-TUTORIALS/002-DEVELOPMENT/ros2_ws/install/cpp_srvcli/share/cpp_srvcli/package.sh'
[1.175s] INFO:colcon.colcon_core.shell:Creating package script '/home/rafael-victus/ROS2-Humble-for-Beginner/02-TUTORIALS/002-DEVELOPMENT/ros2_ws/install/cpp_srvcli/share/cpp_srvcli/package.bash'
[1.176s] INFO:colcon.colcon_core.shell:Creating package script '/home/rafael-victus/ROS2-Humble-for-Beginner/02-TUTORIALS/002-DEVELOPMENT/ros2_ws/install/cpp_srvcli/share/cpp_srvcli/package.zsh'
[1.176s] Level 1:colcon.colcon_core.environment:create_file_with_runtime_dependencies(/home/rafael-victus/ROS2-Humble-for-Beginner/02-TUTORIALS/002-DEVELOPMENT/ros2_ws/install/cpp_srvcli/share/colcon-core/packages/cpp_srvcli)
[1.565s] DEBUG:colcon.colcon_core.event_handler.log_command:Invoking command in '/home/rafael-victus/ROS2-Humble-for-Beginner/02-TUTORIALS/002-DEVELOPMENT/ros2_ws/src/py_srvcli': PYTHONPATH=/home/rafael-victus/ROS2-Humble-for-Beginner/02-TUTORIALS/002-DEVELOPMENT/ros2_ws/build/py_srvcli/prefix_override:/usr/lib/python3/dist-packages/colcon_core/task/python/colcon_distutils_commands:/home/rafael-victus/ROS2-Humble-for-Beginner/02-TUTORIALS/002-DEVELOPMENT/ros2_ws/install/py_srvcli/lib/python3.10/site-packages:${PYTHONPATH} /usr/bin/python3 -W ignore:setup.py install is deprecated setup.py egg_info --egg-base ../../build/py_srvcli build --build-base /home/rafael-victus/ROS2-Humble-for-Beginner/02-TUTORIALS/002-DEVELOPMENT/ros2_ws/build/py_srvcli/build install --record /home/rafael-victus/ROS2-Humble-for-Beginner/02-TUTORIALS/002-DEVELOPMENT/ros2_ws/build/py_srvcli/install.log --single-version-externally-managed install_data
[1.570s] DEBUG:colcon.colcon_core.event_handler.log_command:Invoking command in '/home/rafael-victus/ROS2-Humble-for-Beginner/02-TUTORIALS/002-DEVELOPMENT/ros2_ws/src/py_pubsub': PYTHONPATH=/home/rafael-victus/ROS2-Humble-for-Beginner/02-TUTORIALS/002-DEVELOPMENT/ros2_ws/build/py_pubsub/prefix_override:/usr/lib/python3/dist-packages/colcon_core/task/python/colcon_distutils_commands:/home/rafael-victus/ROS2-Humble-for-Beginner/02-TUTORIALS/002-DEVELOPMENT/ros2_ws/install/py_pubsub/lib/python3.10/site-packages:${PYTHONPATH} /usr/bin/python3 -W ignore:setup.py install is deprecated setup.py egg_info --egg-base ../../build/py_pubsub build --build-base /home/rafael-victus/ROS2-Humble-for-Beginner/02-TUTORIALS/002-DEVELOPMENT/ros2_ws/build/py_pubsub/build install --record /home/rafael-victus/ROS2-Humble-for-Beginner/02-TUTORIALS/002-DEVELOPMENT/ros2_ws/build/py_pubsub/install.log --single-version-externally-managed install_data
[1.815s] Level 1:colcon.colcon_core.environment:checking '/home/rafael-victus/ROS2-Humble-for-Beginner/02-TUTORIALS/002-DEVELOPMENT/ros2_ws/install/py_srvcli' for CMake module files
[1.816s] DEBUG:colcon.colcon_core.event_handler.log_command:Invoked command in '/home/rafael-victus/ROS2-Humble-for-Beginner/02-TUTORIALS/002-DEVELOPMENT/ros2_ws/src/py_srvcli' returned '0': PYTHONPATH=/home/rafael-victus/ROS2-Humble-for-Beginner/02-TUTORIALS/002-DEVELOPMENT/ros2_ws/build/py_srvcli/prefix_override:/usr/lib/python3/dist-packages/colcon_core/task/python/colcon_distutils_commands:/home/rafael-victus/ROS2-Humble-for-Beginner/02-TUTORIALS/002-DEVELOPMENT/ros2_ws/install/py_srvcli/lib/python3.10/site-packages:${PYTHONPATH} /usr/bin/python3 -W ignore:setup.py install is deprecated setup.py egg_info --egg-base ../../build/py_srvcli build --build-base /home/rafael-victus/ROS2-Humble-for-Beginner/02-TUTORIALS/002-DEVELOPMENT/ros2_ws/build/py_srvcli/build install --record /home/rafael-victus/ROS2-Humble-for-Beginner/02-TUTORIALS/002-DEVELOPMENT/ros2_ws/build/py_srvcli/install.log --single-version-externally-managed install_data
[1.816s] Level 1:colcon.colcon_core.environment:checking '/home/rafael-victus/ROS2-Humble-for-Beginner/02-TUTORIALS/002-DEVELOPMENT/ros2_ws/install/py_srvcli' for CMake config files
[1.817s] Level 1:colcon.colcon_core.environment:checking '/home/rafael-victus/ROS2-Humble-for-Beginner/02-TUTORIALS/002-DEVELOPMENT/ros2_ws/install/py_srvcli/lib'
[1.817s] Level 1:colcon.colcon_core.environment:checking '/home/rafael-victus/ROS2-Humble-for-Beginner/02-TUTORIALS/002-DEVELOPMENT/ros2_ws/install/py_srvcli/bin'
[1.817s] Level 1:colcon.colcon_core.environment:checking '/home/rafael-victus/ROS2-Humble-for-Beginner/02-TUTORIALS/002-DEVELOPMENT/ros2_ws/install/py_srvcli/lib/pkgconfig/py_srvcli.pc'
[1.818s] Level 1:colcon.colcon_core.environment:checking '/home/rafael-victus/ROS2-Humble-for-Beginner/02-TUTORIALS/002-DEVELOPMENT/ros2_ws/install/py_srvcli/lib/python3.10/site-packages'
[1.818s] Level 1:colcon.colcon_core.shell:create_environment_hook('py_srvcli', 'pythonpath')
[1.818s] INFO:colcon.colcon_core.shell:Creating environment hook '/home/rafael-victus/ROS2-Humble-for-Beginner/02-TUTORIALS/002-DEVELOPMENT/ros2_ws/install/py_srvcli/share/py_srvcli/hook/pythonpath.ps1'
[1.819s] INFO:colcon.colcon_core.shell:Creating environment descriptor '/home/rafael-victus/ROS2-Humble-for-Beginner/02-TUTORIALS/002-DEVELOPMENT/ros2_ws/install/py_srvcli/share/py_srvcli/hook/pythonpath.dsv'
[1.819s] INFO:colcon.colcon_core.shell:Creating environment hook '/home/rafael-victus/ROS2-Humble-for-Beginner/02-TUTORIALS/002-DEVELOPMENT/ros2_ws/install/py_srvcli/share/py_srvcli/hook/pythonpath.sh'
[1.820s] Level 1:colcon.colcon_core.environment:checking '/home/rafael-victus/ROS2-Humble-for-Beginner/02-TUTORIALS/002-DEVELOPMENT/ros2_ws/install/py_srvcli/bin'
[1.820s] Level 1:colcon.colcon_core.environment:create_environment_scripts_only(py_srvcli)
[1.820s] INFO:colcon.colcon_core.shell:Creating package script '/home/rafael-victus/ROS2-Humble-for-Beginner/02-TUTORIALS/002-DEVELOPMENT/ros2_ws/install/py_srvcli/share/py_srvcli/package.ps1'
[1.820s] INFO:colcon.colcon_core.shell:Creating package descriptor '/home/rafael-victus/ROS2-Humble-for-Beginner/02-TUTORIALS/002-DEVELOPMENT/ros2_ws/install/py_srvcli/share/py_srvcli/package.dsv'
[1.821s] INFO:colcon.colcon_core.shell:Creating package script '/home/rafael-victus/ROS2-Humble-for-Beginner/02-TUTORIALS/002-DEVELOPMENT/ros2_ws/install/py_srvcli/share/py_srvcli/package.sh'
[1.821s] INFO:colcon.colcon_core.shell:Creating package script '/home/rafael-victus/ROS2-Humble-for-Beginner/02-TUTORIALS/002-DEVELOPMENT/ros2_ws/install/py_srvcli/share/py_srvcli/package.bash'
[1.821s] INFO:colcon.colcon_core.shell:Creating package script '/home/rafael-victus/ROS2-Humble-for-Beginner/02-TUTORIALS/002-DEVELOPMENT/ros2_ws/install/py_srvcli/share/py_srvcli/package.zsh'
[1.822s] Level 1:colcon.colcon_core.environment:create_file_with_runtime_dependencies(/home/rafael-victus/ROS2-Humble-for-Beginner/02-TUTORIALS/002-DEVELOPMENT/ros2_ws/install/py_srvcli/share/colcon-core/packages/py_srvcli)
[1.823s] Level 1:colcon.colcon_core.environment:checking '/home/rafael-victus/ROS2-Humble-for-Beginner/02-TUTORIALS/002-DEVELOPMENT/ros2_ws/install/py_pubsub' for CMake module files
[1.824s] DEBUG:colcon.colcon_core.event_handler.log_command:Invoked command in '/home/rafael-victus/ROS2-Humble-for-Beginner/02-TUTORIALS/002-DEVELOPMENT/ros2_ws/src/py_pubsub' returned '0': PYTHONPATH=/home/rafael-victus/ROS2-Humble-for-Beginner/02-TUTORIALS/002-DEVELOPMENT/ros2_ws/build/py_pubsub/prefix_override:/usr/lib/python3/dist-packages/colcon_core/task/python/colcon_distutils_commands:/home/rafael-victus/ROS2-Humble-for-Beginner/02-TUTORIALS/002-DEVELOPMENT/ros2_ws/install/py_pubsub/lib/python3.10/site-packages:${PYTHONPATH} /usr/bin/python3 -W ignore:setup.py install is deprecated setup.py egg_info --egg-base ../../build/py_pubsub build --build-base /home/rafael-victus/ROS2-Humble-for-Beginner/02-TUTORIALS/002-DEVELOPMENT/ros2_ws/build/py_pubsub/build install --record /home/rafael-victus/ROS2-Humble-for-Beginner/02-TUTORIALS/002-DEVELOPMENT/ros2_ws/build/py_pubsub/install.log --single-version-externally-managed install_data
[1.824s] Level 1:colcon.colcon_core.environment:checking '/home/rafael-victus/ROS2-Humble-for-Beginner/02-TUTORIALS/002-DEVELOPMENT/ros2_ws/install/py_pubsub' for CMake config files
[1.824s] Level 1:colcon.colcon_core.environment:checking '/home/rafael-victus/ROS2-Humble-for-Beginner/02-TUTORIALS/002-DEVELOPMENT/ros2_ws/install/py_pubsub/lib'
[1.825s] Level 1:colcon.colcon_core.environment:checking '/home/rafael-victus/ROS2-Humble-for-Beginner/02-TUTORIALS/002-DEVELOPMENT/ros2_ws/install/py_pubsub/bin'
[1.825s] Level 1:colcon.colcon_core.environment:checking '/home/rafael-victus/ROS2-Humble-for-Beginner/02-TUTORIALS/002-DEVELOPMENT/ros2_ws/install/py_pubsub/lib/pkgconfig/py_pubsub.pc'
[1.825s] Level 1:colcon.colcon_core.environment:checking '/home/rafael-victus/ROS2-Humble-for-Beginner/02-TUTORIALS/002-DEVELOPMENT/ros2_ws/install/py_pubsub/lib/python3.10/site-packages'
[1.825s] Level 1:colcon.colcon_core.shell:create_environment_hook('py_pubsub', 'pythonpath')
[1.825s] INFO:colcon.colcon_core.shell:Creating environment hook '/home/rafael-victus/ROS2-Humble-for-Beginner/02-TUTORIALS/002-DEVELOPMENT/ros2_ws/install/py_pubsub/share/py_pubsub/hook/pythonpath.ps1'
[1.825s] INFO:colcon.colcon_core.shell:Creating environment descriptor '/home/rafael-victus/ROS2-Humble-for-Beginner/02-TUTORIALS/002-DEVELOPMENT/ros2_ws/install/py_pubsub/share/py_pubsub/hook/pythonpath.dsv'
[1.826s] INFO:colcon.colcon_core.shell:Creating environment hook '/home/rafael-victus/ROS2-Humble-for-Beginner/02-TUTORIALS/002-DEVELOPMENT/ros2_ws/install/py_pubsub/share/py_pubsub/hook/pythonpath.sh'
[1.826s] Level 1:colcon.colcon_core.environment:checking '/home/rafael-victus/ROS2-Humble-for-Beginner/02-TUTORIALS/002-DEVELOPMENT/ros2_ws/install/py_pubsub/bin'
[1.826s] Level 1:colcon.colcon_core.environment:create_environment_scripts_only(py_pubsub)
[1.826s] INFO:colcon.colcon_core.shell:Creating package script '/home/rafael-victus/ROS2-Humble-for-Beginner/02-TUTORIALS/002-DEVELOPMENT/ros2_ws/install/py_pubsub/share/py_pubsub/package.ps1'
[1.827s] INFO:colcon.colcon_core.shell:Creating package descriptor '/home/rafael-victus/ROS2-Humble-for-Beginner/02-TUTORIALS/002-DEVELOPMENT/ros2_ws/install/py_pubsub/share/py_pubsub/package.dsv'
[1.827s] INFO:colcon.colcon_core.shell:Creating package script '/home/rafael-victus/ROS2-Humble-for-Beginner/02-TUTORIALS/002-DEVELOPMENT/ros2_ws/install/py_pubsub/share/py_pubsub/package.sh'
[1.827s] INFO:colcon.colcon_core.shell:Creating package script '/home/rafael-victus/ROS2-Humble-for-Beginner/02-TUTORIALS/002-DEVELOPMENT/ros2_ws/install/py_pubsub/share/py_pubsub/package.bash'
[1.828s] INFO:colcon.colcon_core.shell:Creating package script '/home/rafael-victus/ROS2-Humble-for-Beginner/02-TUTORIALS/002-DEVELOPMENT/ros2_ws/install/py_pubsub/share/py_pubsub/package.zsh'
[1.828s] Level 1:colcon.colcon_core.environment:create_file_with_runtime_dependencies(/home/rafael-victus/ROS2-Humble-for-Beginner/02-TUTORIALS/002-DEVELOPMENT/ros2_ws/install/py_pubsub/share/colcon-core/packages/py_pubsub)
[9.480s] DEBUG:colcon.colcon_core.event_handler.log_command:Invoked command in '/home/rafael-victus/ROS2-Humble-for-Beginner/02-TUTORIALS/002-DEVELOPMENT/ros2_ws/build/cpp_pubsub' returned '0': CMAKE_PREFIX_PATH=${CMAKE_PREFIX_PATH}:/opt/ros/humble /usr/bin/cmake --build /home/rafael-victus/ROS2-Humble-for-Beginner/02-TUTORIALS/002-DEVELOPMENT/ros2_ws/build/cpp_pubsub -- -j12 -l12
[9.501s] DEBUG:colcon.colcon_core.event_handler.log_command:Invoking command in '/home/rafael-victus/ROS2-Humble-for-Beginner/02-TUTORIALS/002-DEVELOPMENT/ros2_ws/build/cpp_pubsub': CMAKE_PREFIX_PATH=${CMAKE_PREFIX_PATH}:/opt/ros/humble /usr/bin/cmake --install /home/rafael-victus/ROS2-Humble-for-Beginner/02-TUTORIALS/002-DEVELOPMENT/ros2_ws/build/cpp_pubsub
[9.510s] Level 1:colcon.colcon_core.environment:create_environment_scripts_only(cpp_pubsub)
[9.510s] Level 1:colcon.colcon_core.environment:checking '/home/rafael-victus/ROS2-Humble-for-Beginner/02-TUTORIALS/002-DEVELOPMENT/ros2_ws/install/cpp_pubsub' for CMake module files
[9.510s] DEBUG:colcon.colcon_core.event_handler.log_command:Invoked command in '/home/rafael-victus/ROS2-Humble-for-Beginner/02-TUTORIALS/002-DEVELOPMENT/ros2_ws/build/cpp_pubsub' returned '0': CMAKE_PREFIX_PATH=${CMAKE_PREFIX_PATH}:/opt/ros/humble /usr/bin/cmake --install /home/rafael-victus/ROS2-Humble-for-Beginner/02-TUTORIALS/002-DEVELOPMENT/ros2_ws/build/cpp_pubsub
[9.511s] Level 1:colcon.colcon_core.environment:checking '/home/rafael-victus/ROS2-Humble-for-Beginner/02-TUTORIALS/002-DEVELOPMENT/ros2_ws/install/cpp_pubsub' for CMake config files
[9.511s] Level 1:colcon.colcon_core.shell:create_environment_hook('cpp_pubsub', 'cmake_prefix_path')
[9.511s] INFO:colcon.colcon_core.shell:Creating environment hook '/home/rafael-victus/ROS2-Humble-for-Beginner/02-TUTORIALS/002-DEVELOPMENT/ros2_ws/install/cpp_pubsub/share/cpp_pubsub/hook/cmake_prefix_path.ps1'
[9.511s] INFO:colcon.colcon_core.shell:Creating environment descriptor '/home/rafael-victus/ROS2-Humble-for-Beginner/02-TUTORIALS/002-DEVELOPMENT/ros2_ws/install/cpp_pubsub/share/cpp_pubsub/hook/cmake_prefix_path.dsv'
[9.512s] INFO:colcon.colcon_core.shell:Creating environment hook '/home/rafael-victus/ROS2-Humble-for-Beginner/02-TUTORIALS/002-DEVELOPMENT/ros2_ws/install/cpp_pubsub/share/cpp_pubsub/hook/cmake_prefix_path.sh'
[9.512s] Level 1:colcon.colcon_core.environment:checking '/home/rafael-victus/ROS2-Humble-for-Beginner/02-TUTORIALS/002-DEVELOPMENT/ros2_ws/install/cpp_pubsub/lib'
[9.512s] Level 1:colcon.colcon_core.environment:checking '/home/rafael-victus/ROS2-Humble-for-Beginner/02-TUTORIALS/002-DEVELOPMENT/ros2_ws/install/cpp_pubsub/bin'
[9.512s] Level 1:colcon.colcon_core.environment:checking '/home/rafael-victus/ROS2-Humble-for-Beginner/02-TUTORIALS/002-DEVELOPMENT/ros2_ws/install/cpp_pubsub/lib/pkgconfig/cpp_pubsub.pc'
[9.512s] Level 1:colcon.colcon_core.environment:checking '/home/rafael-victus/ROS2-Humble-for-Beginner/02-TUTORIALS/002-DEVELOPMENT/ros2_ws/install/cpp_pubsub/lib/python3.10/site-packages'
[9.513s] Level 1:colcon.colcon_core.environment:checking '/home/rafael-victus/ROS2-Humble-for-Beginner/02-TUTORIALS/002-DEVELOPMENT/ros2_ws/install/cpp_pubsub/bin'
[9.513s] INFO:colcon.colcon_core.shell:Creating package script '/home/rafael-victus/ROS2-Humble-for-Beginner/02-TUTORIALS/002-DEVELOPMENT/ros2_ws/install/cpp_pubsub/share/cpp_pubsub/package.ps1'
[9.513s] INFO:colcon.colcon_core.shell:Creating package descriptor '/home/rafael-victus/ROS2-Humble-for-Beginner/02-TUTORIALS/002-DEVELOPMENT/ros2_ws/install/cpp_pubsub/share/cpp_pubsub/package.dsv'
[9.513s] INFO:colcon.colcon_core.shell:Creating package script '/home/rafael-victus/ROS2-Humble-for-Beginner/02-TUTORIALS/002-DEVELOPMENT/ros2_ws/install/cpp_pubsub/share/cpp_pubsub/package.sh'
[9.514s] INFO:colcon.colcon_core.shell:Creating package script '/home/rafael-victus/ROS2-Humble-for-Beginner/02-TUTORIALS/002-DEVELOPMENT/ros2_ws/install/cpp_pubsub/share/cpp_pubsub/package.bash'
[9.514s] INFO:colcon.colcon_core.shell:Creating package script '/home/rafael-victus/ROS2-Humble-for-Beginner/02-TUTORIALS/002-DEVELOPMENT/ros2_ws/install/cpp_pubsub/share/cpp_pubsub/package.zsh'
[9.514s] Level 1:colcon.colcon_core.environment:create_file_with_runtime_dependencies(/home/rafael-victus/ROS2-Humble-for-Beginner/02-TUTORIALS/002-DEVELOPMENT/ros2_ws/install/cpp_pubsub/share/colcon-core/packages/cpp_pubsub)
[9.532s] Level 1:colcon.colcon_core.environment:create_environment_scripts_only(cpp_pubsub)
[9.533s] Level 1:colcon.colcon_core.environment:checking '/home/rafael-victus/ROS2-Humble-for-Beginner/02-TUTORIALS/002-DEVELOPMENT/ros2_ws/install/cpp_pubsub' for CMake module files
[9.533s] Level 1:colcon.colcon_core.environment:checking '/home/rafael-victus/ROS2-Humble-for-Beginner/02-TUTORIALS/002-DEVELOPMENT/ros2_ws/install/cpp_pubsub' for CMake config files
[9.534s] Level 1:colcon.colcon_core.shell:create_environment_hook('cpp_pubsub', 'cmake_prefix_path')
[9.534s] INFO:colcon.colcon_core.shell:Creating environment hook '/home/rafael-victus/ROS2-Humble-for-Beginner/02-TUTORIALS/002-DEVELOPMENT/ros2_ws/install/cpp_pubsub/share/cpp_pubsub/hook/cmake_prefix_path.ps1'
[9.534s] INFO:colcon.colcon_core.shell:Creating environment descriptor '/home/rafael-victus/ROS2-Humble-for-Beginner/02-TUTORIALS/002-DEVELOPMENT/ros2_ws/install/cpp_pubsub/share/cpp_pubsub/hook/cmake_prefix_path.dsv'
[9.534s] INFO:colcon.colcon_core.shell:Creating environment hook '/home/rafael-victus/ROS2-Humble-for-Beginner/02-TUTORIALS/002-DEVELOPMENT/ros2_ws/install/cpp_pubsub/share/cpp_pubsub/hook/cmake_prefix_path.sh'
[9.535s] Level 1:colcon.colcon_core.environment:checking '/home/rafael-victus/ROS2-Humble-for-Beginner/02-TUTORIALS/002-DEVELOPMENT/ros2_ws/install/cpp_pubsub/lib'
[9.535s] Level 1:colcon.colcon_core.environment:checking '/home/rafael-victus/ROS2-Humble-for-Beginner/02-TUTORIALS/002-DEVELOPMENT/ros2_ws/install/cpp_pubsub/bin'
[9.535s] Level 1:colcon.colcon_core.environment:checking '/home/rafael-victus/ROS2-Humble-for-Beginner/02-TUTORIALS/002-DEVELOPMENT/ros2_ws/install/cpp_pubsub/lib/pkgconfig/cpp_pubsub.pc'
[9.535s] Level 1:colcon.colcon_core.environment:checking '/home/rafael-victus/ROS2-Humble-for-Beginner/02-TUTORIALS/002-DEVELOPMENT/ros2_ws/install/cpp_pubsub/lib/python3.10/site-packages'
[9.535s] Level 1:colcon.colcon_core.environment:checking '/home/rafael-victus/ROS2-Humble-for-Beginner/02-TUTORIALS/002-DEVELOPMENT/ros2_ws/install/cpp_pubsub/bin'
[9.536s] INFO:colcon.colcon_core.shell:Creating package script '/home/rafael-victus/ROS2-Humble-for-Beginner/02-TUTORIALS/002-DEVELOPMENT/ros2_ws/install/cpp_pubsub/share/cpp_pubsub/package.ps1'
[9.536s] INFO:colcon.colcon_core.shell:Creating package descriptor '/home/rafael-victus/ROS2-Humble-for-Beginner/02-TUTORIALS/002-DEVELOPMENT/ros2_ws/install/cpp_pubsub/share/cpp_pubsub/package.dsv'
[9.536s] INFO:colcon.colcon_core.shell:Creating package script '/home/rafael-victus/ROS2-Humble-for-Beginner/02-TUTORIALS/002-DEVELOPMENT/ros2_ws/install/cpp_pubsub/share/cpp_pubsub/package.sh'
[9.537s] INFO:colcon.colcon_core.shell:Creating package script '/home/rafael-victus/ROS2-Humble-for-Beginner/02-TUTORIALS/002-DEVELOPMENT/ros2_ws/install/cpp_pubsub/share/cpp_pubsub/package.bash'
[9.537s] INFO:colcon.colcon_core.shell:Creating package script '/home/rafael-victus/ROS2-Humble-for-Beginner/02-TUTORIALS/002-DEVELOPMENT/ros2_ws/install/cpp_pubsub/share/cpp_pubsub/package.zsh'
[9.537s] Level 1:colcon.colcon_core.environment:create_file_with_runtime_dependencies(/home/rafael-victus/ROS2-Humble-for-Beginner/02-TUTORIALS/002-DEVELOPMENT/ros2_ws/install/cpp_pubsub/share/colcon-core/packages/cpp_pubsub)
[9.538s] DEBUG:colcon.colcon_parallel_executor.executor.parallel:closing loop
[9.538s] DEBUG:colcon.colcon_parallel_executor.executor.parallel:loop closed
[9.538s] DEBUG:colcon.colcon_parallel_executor.executor.parallel:run_until_complete finished with '0'
[9.538s] DEBUG:colcon.colcon_core.event_reactor:joining thread
[9.571s] INFO:colcon.colcon_core.plugin_system:Skipping extension 'colcon_notification.desktop_notification.notify_send': Could not find 'notify-send'
[9.571s] INFO:colcon.colcon_core.plugin_system:Skipping extension 'colcon_notification.desktop_notification.terminal_notifier': Not used on non-Darwin systems
[9.571s] INFO:colcon.colcon_core.plugin_system:Skipping extension 'colcon_notification.desktop_notification.win32': Not used on non-Windows systems
[9.571s] INFO:colcon.colcon_notification.desktop_notification:Sending desktop notification using 'notify2'
[9.573s] DEBUG:colcon.colcon_notification.desktop_notification.notify2:Failed to initialize notify2: org.freedesktop.DBus.Error.ServiceUnknown: The name org.freedesktop.Notifications was not provided by any .service files
[9.573s] DEBUG:colcon.colcon_core.event_reactor:joined thread
[9.574s] INFO:colcon.colcon_core.shell:Creating prefix script '/home/rafael-victus/ROS2-Humble-for-Beginner/02-TUTORIALS/002-DEVELOPMENT/ros2_ws/install/local_setup.ps1'
[9.574s] INFO:colcon.colcon_core.shell:Creating prefix util module '/home/rafael-victus/ROS2-Humble-for-Beginner/02-TUTORIALS/002-DEVELOPMENT/ros2_ws/install/_local_setup_util_ps1.py'
[9.576s] INFO:colcon.colcon_core.shell:Creating prefix chain script '/home/rafael-victus/ROS2-Humble-for-Beginner/02-TUTORIALS/002-DEVELOPMENT/ros2_ws/install/setup.ps1'
[9.577s] INFO:colcon.colcon_core.shell:Creating prefix script '/home/rafael-victus/ROS2-Humble-for-Beginner/02-TUTORIALS/002-DEVELOPMENT/ros2_ws/install/local_setup.sh'
[9.577s] INFO:colcon.colcon_core.shell:Creating prefix util module '/home/rafael-victus/ROS2-Humble-for-Beginner/02-TUTORIALS/002-DEVELOPMENT/ros2_ws/install/_local_setup_util_sh.py'
[9.578s] INFO:colcon.colcon_core.shell:Creating prefix chain script '/home/rafael-victus/ROS2-Humble-for-Beginner/02-TUTORIALS/002-DEVELOPMENT/ros2_ws/install/setup.sh'
[9.579s] INFO:colcon.colcon_core.shell:Creating prefix script '/home/rafael-victus/ROS2-Humble-for-Beginner/02-TUTORIALS/002-DEVELOPMENT/ros2_ws/install/local_setup.bash'
[9.579s] INFO:colcon.colcon_core.shell:Creating prefix chain script '/home/rafael-victus/ROS2-Humble-for-Beginner/02-TUTORIALS/002-DEVELOPMENT/ros2_ws/install/setup.bash'
[9.581s] INFO:colcon.colcon_core.shell:Creating prefix script '/home/rafael-victus/ROS2-Humble-for-Beginner/02-TUTORIALS/002-DEVELOPMENT/ros2_ws/install/local_setup.zsh'
[9.581s] INFO:colcon.colcon_core.shell:Creating prefix chain script '/home/rafael-victus/ROS2-Humble-for-Beginner/02-TUTORIALS/002-DEVELOPMENT/ros2_ws/install/setup.zsh'
